<?xml version="1.0" encoding="UTF-8"?>
<!-- Generated by org.testng.reporters.JUnitReportReporter -->
<testsuite hostname="DESKTOP-HLCM1F1" failures="0" tests="3" name="maven.selenium.TestNGDemo" time="0.028" errors="0" timestamp="2022-02-06T21:33:18 EET" skipped="0">
  <testcase classname="maven.selenium.TestNGDemo" name="usercanusecreditcard" time="0.009"/>
  <system-out/>
  <testcase classname="maven.selenium.TestNGDemo" name="userCanLogin" time="0.011"/>
  <system-out/>
  <testcase classname="maven.selenium.TestNGDemo" name="usercanbuyfromthewebsite" time="0.008"/>
  <system-out/>
</testsuite> <!-- maven.selenium.TestNGDemo -->
