<?xml version="1.0" encoding="UTF-8"?>
<!-- Generated by org.testng.reporters.JUnitReportReporter -->
<testsuite hostname="DESKTOP-HLCM1F1" failures="0" tests="1" name="maven.selenium.AssertionDemo" time="3.638" errors="0" timestamp="2022-02-06T21:50:00 EET" skipped="0">
  <testcase classname="maven.selenium.AssertionDemo" name="getTitle" time="3.638"/>
  <system-out/>
</testsuite> <!-- maven.selenium.AssertionDemo -->
